<?xml version="1.0" encoding="UTF-8"?>
<!-- Generated by org.testng.reporters.JUnitReportReporter -->
<testsuite hostname="LTIN550594" failures="0" tests="2" name="com.selenium.tests.TestMain" time="146.292" errors="0" timestamp="2025-07-07T12:23:35 IST" skipped="0">
  <testcase classname="com.selenium.tests.TestMain" name="test_search_functionality" time="50.070"/>
  <testcase classname="com.selenium.tests.TestMain" name="test_search_functionality" time="96.222"/>
</testsuite> <!-- com.selenium.tests.TestMain -->
