<?xml version="1.0" encoding="UTF-8"?>
<!-- Generated by org.testng.reporters.JUnitReportReporter -->
<testsuite hostname="LTIN550594" failures="0" tests="2" name="com.selenium.tests.TestMain" time="153.145" errors="0" timestamp="2025-07-04T17:59:59 IST" skipped="0">
  <testcase classname="com.selenium.tests.TestMain" name="test_search_functionality" time="81.307"/>
  <testcase classname="com.selenium.tests.TestMain" name="test_search_functionality" time="71.838"/>
</testsuite> <!-- com.selenium.tests.TestMain -->
